Determining if the pthread_create exist failed with the following output:
Change Dir: /home/juraj/FIT/IVS/projekt2/Calculator/cmake-build-debug/CMakeFiles/CMakeTmp

Run Build Command:"/usr/bin/gmake" "cmTC_f44bb/fast"
/usr/bin/gmake -f CMakeFiles/cmTC_f44bb.dir/build.make CMakeFiles/cmTC_f44bb.dir/build
gmake[1]: Entering directory '/home/juraj/FIT/IVS/projekt2/Calculator/cmake-build-debug/CMakeFiles/CMakeTmp'
Building C object CMakeFiles/cmTC_f44bb.dir/CheckSymbolExists.c.o
/usr/lib64/ccache/cc    -o CMakeFiles/cmTC_f44bb.dir/CheckSymbolExists.c.o   -c /home/juraj/FIT/IVS/projekt2/Calculator/cmake-build-debug/CMakeFiles/CMakeTmp/CheckSymbolExists.c
Linking C executable cmTC_f44bb
/home/juraj/.local/share/JetBrains/Toolbox/apps/CLion/ch-0/181.4096.19/bin/cmake/bin/cmake -E cmake_link_script CMakeFiles/cmTC_f44bb.dir/link.txt --verbose=1
/usr/lib64/ccache/cc      -rdynamic CMakeFiles/cmTC_f44bb.dir/CheckSymbolExists.c.o  -o cmTC_f44bb 
CMakeFiles/cmTC_f44bb.dir/CheckSymbolExists.c.o: In function `main':
CheckSymbolExists.c:(.text+0x16): undefined reference to `pthread_create'
collect2: error: ld returned 1 exit status
gmake[1]: *** [CMakeFiles/cmTC_f44bb.dir/build.make:98: cmTC_f44bb] Error 1
gmake[1]: Leaving directory '/home/juraj/FIT/IVS/projekt2/Calculator/cmake-build-debug/CMakeFiles/CMakeTmp'
gmake: *** [Makefile:126: cmTC_f44bb/fast] Error 2

File /home/juraj/FIT/IVS/projekt2/Calculator/cmake-build-debug/CMakeFiles/CMakeTmp/CheckSymbolExists.c:
/* */
#include <pthread.h>

int main(int argc, char** argv)
{
  (void)argv;
#ifndef pthread_create
  return ((int*)(&pthread_create))[argc];
#else
  (void)argc;
  return 0;
#endif
}

